[debug] [2023-03-09T15:05:27.553Z] ----------------------------------------------------------------------
[debug] [2023-03-09T15:05:27.555Z] Command:       C:\Program Files\nodejs\node.exe C:\Users\admin\AppData\Roaming\npm\node_modules\firebase-tools\lib\bin\firebase.js deploy
[debug] [2023-03-09T15:05:27.556Z] CLI Version:   11.24.1
[debug] [2023-03-09T15:05:27.556Z] Platform:      win32
[debug] [2023-03-09T15:05:27.556Z] Node Version:  v18.14.2
[debug] [2023-03-09T15:05:27.557Z] Time:          Thu Mar 09 2023 23:05:27 GMT+0800 (Ulaanbaatar Standard Time)
[debug] [2023-03-09T15:05:27.557Z] ----------------------------------------------------------------------
[debug] 
[debug] [2023-03-09T15:05:27.618Z] > command requires scopes: ["email","openid","https://www.googleapis.com/auth/cloudplatformprojects.readonly","https://www.googleapis.com/auth/firebase","https://www.googleapis.com/auth/cloud-platform"]
[debug] [2023-03-09T15:05:27.619Z] > authorizing via signed-in user (usukhb16@gmail.com)
[debug] [2023-03-09T15:05:27.619Z] [iam] checking project uriga-fa7c3 for permissions ["cloudfunctions.functions.create","cloudfunctions.functions.delete","cloudfunctions.functions.get","cloudfunctions.functions.list","cloudfunctions.functions.update","cloudfunctions.operations.get","datastore.indexes.create","datastore.indexes.delete","datastore.indexes.list","datastore.indexes.update","firebase.projects.get","firebasehosting.sites.update"]
[debug] [2023-03-09T15:05:27.621Z] >>> [apiv2][query] POST https://cloudresourcemanager.googleapis.com/v1/projects/uriga-fa7c3:testIamPermissions [none]
[debug] [2023-03-09T15:05:27.621Z] >>> [apiv2][(partial)header] POST https://cloudresourcemanager.googleapis.com/v1/projects/uriga-fa7c3:testIamPermissions x-goog-quota-user=projects/uriga-fa7c3
[debug] [2023-03-09T15:05:27.621Z] >>> [apiv2][body] POST https://cloudresourcemanager.googleapis.com/v1/projects/uriga-fa7c3:testIamPermissions {"permissions":["cloudfunctions.functions.create","cloudfunctions.functions.delete","cloudfunctions.functions.get","cloudfunctions.functions.list","cloudfunctions.functions.update","cloudfunctions.operations.get","datastore.indexes.create","datastore.indexes.delete","datastore.indexes.list","datastore.indexes.update","firebase.projects.get","firebasehosting.sites.update"]}
[debug] [2023-03-09T15:05:28.798Z] <<< [apiv2][status] POST https://cloudresourcemanager.googleapis.com/v1/projects/uriga-fa7c3:testIamPermissions 200
[debug] [2023-03-09T15:05:28.798Z] <<< [apiv2][body] POST https://cloudresourcemanager.googleapis.com/v1/projects/uriga-fa7c3:testIamPermissions {"permissions":["cloudfunctions.functions.create","cloudfunctions.functions.delete","cloudfunctions.functions.get","cloudfunctions.functions.list","cloudfunctions.functions.update","cloudfunctions.operations.get","datastore.indexes.create","datastore.indexes.delete","datastore.indexes.list","datastore.indexes.update","firebase.projects.get","firebasehosting.sites.update"]}
[debug] [2023-03-09T15:05:28.798Z] >>> [apiv2][query] POST https://iam.googleapis.com/v1/projects/uriga-fa7c3/serviceAccounts/uriga-fa7c3@appspot.gserviceaccount.com:testIamPermissions [none]
[debug] [2023-03-09T15:05:28.799Z] >>> [apiv2][body] POST https://iam.googleapis.com/v1/projects/uriga-fa7c3/serviceAccounts/uriga-fa7c3@appspot.gserviceaccount.com:testIamPermissions {"permissions":["iam.serviceAccounts.actAs"]}
[debug] [2023-03-09T15:05:29.408Z] <<< [apiv2][status] POST https://iam.googleapis.com/v1/projects/uriga-fa7c3/serviceAccounts/uriga-fa7c3@appspot.gserviceaccount.com:testIamPermissions 404
[debug] [2023-03-09T15:05:29.408Z] <<< [apiv2][body] POST https://iam.googleapis.com/v1/projects/uriga-fa7c3/serviceAccounts/uriga-fa7c3@appspot.gserviceaccount.com:testIamPermissions {"error":{"code":404,"message":"Unknown service account","status":"NOT_FOUND"}}
[debug] [2023-03-09T15:05:29.409Z] [functions] service account IAM check errored, deploy may fail:HTTP Error: 404, Unknown service account {"name":"FirebaseError","children":[],"context":{"body":{"error":{"code":404,"message":"Unknown service account","status":"NOT_FOUND"}},"response":{"statusCode":404}},"exit":1,"message":"HTTP Error: 404, Unknown service account","status":404}
[debug] [2023-03-09T15:05:29.410Z] >>> [apiv2][query] GET https://firebase.googleapis.com/v1beta1/projects/uriga-fa7c3 [none]
[debug] [2023-03-09T15:05:29.840Z] <<< [apiv2][status] GET https://firebase.googleapis.com/v1beta1/projects/uriga-fa7c3 200
[debug] [2023-03-09T15:05:29.840Z] <<< [apiv2][body] GET https://firebase.googleapis.com/v1beta1/projects/uriga-fa7c3 {"projectId":"uriga-fa7c3","projectNumber":"639459325444","displayName":"uriga","name":"projects/uriga-fa7c3","resources":{"hostingSite":"uriga-fa7c3","realtimeDatabaseInstance":"uriga-fa7c3-default-rtdb"},"state":"ACTIVE","etag":"1_5a48630e-49a5-4cfa-98bb-49c90625608d"}
[debug] [2023-03-09T15:05:32.494Z] >>> [apiv2][query] GET https://firebasehosting.googleapis.com/v1beta1/projects/uriga-fa7c3/sites pageToken=&pageSize=10
[debug] [2023-03-09T15:05:33.490Z] <<< [apiv2][status] GET https://firebasehosting.googleapis.com/v1beta1/projects/uriga-fa7c3/sites 200
[debug] [2023-03-09T15:05:33.490Z] <<< [apiv2][body] GET https://firebasehosting.googleapis.com/v1beta1/projects/uriga-fa7c3/sites {"sites":[{"name":"projects/uriga-fa7c3/sites/uragi","defaultUrl":"https://uragi.web.app","appId":"1:639459325444:web:7ff9b938f6c453c333e751","type":"USER_SITE"},{"name":"projects/uriga-fa7c3/sites/uriga-fa7c3","defaultUrl":"https://uriga-fa7c3.web.app","type":"DEFAULT_SITE"}]}
[debug] [2023-03-09T15:05:33.490Z] >>> [apiv2][query] GET https://firebasehosting.googleapis.com/v1beta1/projects/uriga-fa7c3/sites 
[debug] [2023-03-09T15:05:34.327Z] <<< [apiv2][status] GET https://firebasehosting.googleapis.com/v1beta1/projects/uriga-fa7c3/sites 200
[debug] [2023-03-09T15:05:34.327Z] <<< [apiv2][body] GET https://firebasehosting.googleapis.com/v1beta1/projects/uriga-fa7c3/sites {"sites":[{"name":"projects/uriga-fa7c3/sites/uragi","defaultUrl":"https://uragi.web.app","appId":"1:639459325444:web:7ff9b938f6c453c333e751","type":"USER_SITE"},{"name":"projects/uriga-fa7c3/sites/uriga-fa7c3","defaultUrl":"https://uriga-fa7c3.web.app","type":"DEFAULT_SITE"}]}
[debug] [2023-03-09T15:05:34.327Z] >>> [apiv2][query] GET https://firebase.googleapis.com/v1beta1/projects/uriga-fa7c3/webApps/-/config [none]
[debug] [2023-03-09T15:05:35.425Z] <<< [apiv2][status] GET https://firebase.googleapis.com/v1beta1/projects/uriga-fa7c3/webApps/-/config 200
[debug] [2023-03-09T15:05:35.425Z] <<< [apiv2][body] GET https://firebase.googleapis.com/v1beta1/projects/uriga-fa7c3/webApps/-/config {"projectId":"uriga-fa7c3","appId":"1:639459325444:web:7ff9b938f6c453c333e751","databaseURL":"https://uriga-fa7c3-default-rtdb.asia-southeast1.firebasedatabase.app","storageBucket":"uriga-fa7c3.appspot.com","apiKey":"AIzaSyDCtyjYuX-eAXflhsONv8FXotcNuQwuPLs","authDomain":"uriga-fa7c3.firebaseapp.com","messagingSenderId":"639459325444","measurementId":"G-Z2RJTKPVQY"}
[debug] [2023-03-09T15:05:51.706Z] Error: Failed to collect page data for /
    at C:\Users\admin\Desktop\Sassio-nextjs-v1.2.0-unzip-first\1.Sassio-Nextjs\node_modules\next\dist\build\utils.js:991:15
[error] 
[error] Error: An unexpected error has occurred.
[debug] [2023-03-09T15:06:34.545Z] ----------------------------------------------------------------------
[debug] [2023-03-09T15:06:34.546Z] Command:       C:\Program Files\nodejs\node.exe C:\Users\admin\AppData\Roaming\npm\node_modules\firebase-tools\lib\bin\firebase.js deploy
[debug] [2023-03-09T15:06:34.547Z] CLI Version:   11.24.1
[debug] [2023-03-09T15:06:34.547Z] Platform:      win32
[debug] [2023-03-09T15:06:34.547Z] Node Version:  v18.14.2
[debug] [2023-03-09T15:06:34.548Z] Time:          Thu Mar 09 2023 23:06:34 GMT+0800 (Ulaanbaatar Standard Time)
[debug] [2023-03-09T15:06:34.548Z] ----------------------------------------------------------------------
[debug] 
[debug] [2023-03-09T15:06:34.601Z] > command requires scopes: ["email","openid","https://www.googleapis.com/auth/cloudplatformprojects.readonly","https://www.googleapis.com/auth/firebase","https://www.googleapis.com/auth/cloud-platform"]
[debug] [2023-03-09T15:06:34.601Z] > authorizing via signed-in user (usukhb16@gmail.com)
[debug] [2023-03-09T15:06:34.602Z] [iam] checking project uriga-fa7c3 for permissions ["cloudfunctions.functions.create","cloudfunctions.functions.delete","cloudfunctions.functions.get","cloudfunctions.functions.list","cloudfunctions.functions.update","cloudfunctions.operations.get","datastore.indexes.create","datastore.indexes.delete","datastore.indexes.list","datastore.indexes.update","firebase.projects.get","firebasehosting.sites.update"]
[debug] [2023-03-09T15:06:34.603Z] >>> [apiv2][query] POST https://cloudresourcemanager.googleapis.com/v1/projects/uriga-fa7c3:testIamPermissions [none]
[debug] [2023-03-09T15:06:34.603Z] >>> [apiv2][(partial)header] POST https://cloudresourcemanager.googleapis.com/v1/projects/uriga-fa7c3:testIamPermissions x-goog-quota-user=projects/uriga-fa7c3
[debug] [2023-03-09T15:06:34.604Z] >>> [apiv2][body] POST https://cloudresourcemanager.googleapis.com/v1/projects/uriga-fa7c3:testIamPermissions {"permissions":["cloudfunctions.functions.create","cloudfunctions.functions.delete","cloudfunctions.functions.get","cloudfunctions.functions.list","cloudfunctions.functions.update","cloudfunctions.operations.get","datastore.indexes.create","datastore.indexes.delete","datastore.indexes.list","datastore.indexes.update","firebase.projects.get","firebasehosting.sites.update"]}
[debug] [2023-03-09T15:06:35.688Z] <<< [apiv2][status] POST https://cloudresourcemanager.googleapis.com/v1/projects/uriga-fa7c3:testIamPermissions 200
[debug] [2023-03-09T15:06:35.689Z] <<< [apiv2][body] POST https://cloudresourcemanager.googleapis.com/v1/projects/uriga-fa7c3:testIamPermissions {"permissions":["cloudfunctions.functions.create","cloudfunctions.functions.delete","cloudfunctions.functions.get","cloudfunctions.functions.list","cloudfunctions.functions.update","cloudfunctions.operations.get","datastore.indexes.create","datastore.indexes.delete","datastore.indexes.list","datastore.indexes.update","firebase.projects.get","firebasehosting.sites.update"]}
[debug] [2023-03-09T15:06:35.690Z] >>> [apiv2][query] POST https://iam.googleapis.com/v1/projects/uriga-fa7c3/serviceAccounts/uriga-fa7c3@appspot.gserviceaccount.com:testIamPermissions [none]
[debug] [2023-03-09T15:06:35.690Z] >>> [apiv2][body] POST https://iam.googleapis.com/v1/projects/uriga-fa7c3/serviceAccounts/uriga-fa7c3@appspot.gserviceaccount.com:testIamPermissions {"permissions":["iam.serviceAccounts.actAs"]}
[debug] [2023-03-09T15:06:36.282Z] <<< [apiv2][status] POST https://iam.googleapis.com/v1/projects/uriga-fa7c3/serviceAccounts/uriga-fa7c3@appspot.gserviceaccount.com:testIamPermissions 404
[debug] [2023-03-09T15:06:36.282Z] <<< [apiv2][body] POST https://iam.googleapis.com/v1/projects/uriga-fa7c3/serviceAccounts/uriga-fa7c3@appspot.gserviceaccount.com:testIamPermissions {"error":{"code":404,"message":"Unknown service account","status":"NOT_FOUND"}}
[debug] [2023-03-09T15:06:36.282Z] [functions] service account IAM check errored, deploy may fail:HTTP Error: 404, Unknown service account {"name":"FirebaseError","children":[],"context":{"body":{"error":{"code":404,"message":"Unknown service account","status":"NOT_FOUND"}},"response":{"statusCode":404}},"exit":1,"message":"HTTP Error: 404, Unknown service account","status":404}
[debug] [2023-03-09T15:06:36.283Z] >>> [apiv2][query] GET https://firebase.googleapis.com/v1beta1/projects/uriga-fa7c3 [none]
[debug] [2023-03-09T15:06:36.730Z] <<< [apiv2][status] GET https://firebase.googleapis.com/v1beta1/projects/uriga-fa7c3 200
[debug] [2023-03-09T15:06:36.730Z] <<< [apiv2][body] GET https://firebase.googleapis.com/v1beta1/projects/uriga-fa7c3 {"projectId":"uriga-fa7c3","projectNumber":"639459325444","displayName":"uriga","name":"projects/uriga-fa7c3","resources":{"hostingSite":"uriga-fa7c3","realtimeDatabaseInstance":"uriga-fa7c3-default-rtdb"},"state":"ACTIVE","etag":"1_5a48630e-49a5-4cfa-98bb-49c90625608d"}
[debug] [2023-03-09T15:06:39.261Z] >>> [apiv2][query] GET https://firebasehosting.googleapis.com/v1beta1/projects/uriga-fa7c3/sites pageToken=&pageSize=10
[debug] [2023-03-09T15:06:40.075Z] <<< [apiv2][status] GET https://firebasehosting.googleapis.com/v1beta1/projects/uriga-fa7c3/sites 200
[debug] [2023-03-09T15:06:40.075Z] <<< [apiv2][body] GET https://firebasehosting.googleapis.com/v1beta1/projects/uriga-fa7c3/sites {"sites":[{"name":"projects/uriga-fa7c3/sites/uragi","defaultUrl":"https://uragi.web.app","appId":"1:639459325444:web:7ff9b938f6c453c333e751","type":"USER_SITE"},{"name":"projects/uriga-fa7c3/sites/uriga-fa7c3","defaultUrl":"https://uriga-fa7c3.web.app","type":"DEFAULT_SITE"}]}
[debug] [2023-03-09T15:06:40.075Z] >>> [apiv2][query] GET https://firebasehosting.googleapis.com/v1beta1/projects/uriga-fa7c3/sites 
[debug] [2023-03-09T15:06:40.911Z] <<< [apiv2][status] GET https://firebasehosting.googleapis.com/v1beta1/projects/uriga-fa7c3/sites 200
[debug] [2023-03-09T15:06:40.912Z] <<< [apiv2][body] GET https://firebasehosting.googleapis.com/v1beta1/projects/uriga-fa7c3/sites {"sites":[{"name":"projects/uriga-fa7c3/sites/uragi","defaultUrl":"https://uragi.web.app","appId":"1:639459325444:web:7ff9b938f6c453c333e751","type":"USER_SITE"},{"name":"projects/uriga-fa7c3/sites/uriga-fa7c3","defaultUrl":"https://uriga-fa7c3.web.app","type":"DEFAULT_SITE"}]}
[debug] [2023-03-09T15:06:40.912Z] >>> [apiv2][query] GET https://firebase.googleapis.com/v1beta1/projects/uriga-fa7c3/webApps/-/config [none]
[debug] [2023-03-09T15:06:41.967Z] <<< [apiv2][status] GET https://firebase.googleapis.com/v1beta1/projects/uriga-fa7c3/webApps/-/config 200
[debug] [2023-03-09T15:06:41.968Z] <<< [apiv2][body] GET https://firebase.googleapis.com/v1beta1/projects/uriga-fa7c3/webApps/-/config {"projectId":"uriga-fa7c3","appId":"1:639459325444:web:7ff9b938f6c453c333e751","databaseURL":"https://uriga-fa7c3-default-rtdb.asia-southeast1.firebasedatabase.app","storageBucket":"uriga-fa7c3.appspot.com","apiKey":"AIzaSyDCtyjYuX-eAXflhsONv8FXotcNuQwuPLs","authDomain":"uriga-fa7c3.firebaseapp.com","messagingSenderId":"639459325444","measurementId":"G-Z2RJTKPVQY"}
[info] 
[info] === Deploying to 'uriga-fa7c3'...
[info] 
[info] i  deploying firestore, functions, hosting 
[debug] [2023-03-09T15:07:38.658Z] TypeError [ERR_INVALID_ARG_TYPE]: The "path" argument must be of type string. Received undefined
    at new NodeError (node:internal/errors:399:5)
    at validateString (node:internal/validators:163:11)
    at Object.join (node:path:429:7)
    at Config.path (C:\Users\admin\AppData\Roaming\npm\node_modules\firebase-tools\lib\config.js:123:45)
    at getChildEnvironment (C:\Users\admin\AppData\Roaming\npm\node_modules\firebase-tools\lib\deploy\lifecycleHooks.js:52:49)
    at runTargetCommands (C:\Users\admin\AppData\Roaming\npm\node_modules\firebase-tools\lib\deploy\lifecycleHooks.js:73:14)
    at C:\Users\admin\AppData\Roaming\npm\node_modules\firebase-tools\lib\deploy\lifecycleHooks.js:125:24
    at async chain (C:\Users\admin\AppData\Roaming\npm\node_modules\firebase-tools\lib\deploy\index.js:35:9)
    at async deploy (C:\Users\admin\AppData\Roaming\npm\node_modules\firebase-tools\lib\deploy\index.js:78:5)
[error] 
[error] Error: An unexpected error has occurred.
